<?xml version="1.0" encoding="UTF-8"?>
<testng-results ignored="0" total="1" passed="1" failed="0" skipped="0">
  <reporter-output>
  </reporter-output>
  <suite started-at="2025-06-30T17:55:15 IST" name="Suite" finished-at="2025-06-30T17:55:24 IST" duration-ms="9211">
    <groups>
      <group name="Master">
        <method signature="TC001_VerifyAccountRegistrationTest.verify_account_Registration()[pri:0, instance:testCases.TC001_VerifyAccountRegistrationTest@62e20a76]" name="verify_account_Registration" class="testCases.TC001_VerifyAccountRegistrationTest"/>
      </group> <!-- Master -->
      <group name="Sanity">
        <method signature="TC001_VerifyAccountRegistrationTest.verify_account_Registration()[pri:0, instance:testCases.TC001_VerifyAccountRegistrationTest@62e20a76]" name="verify_account_Registration" class="testCases.TC001_VerifyAccountRegistrationTest"/>
      </group> <!-- Sanity -->
    </groups>
    <test started-at="2025-06-30T17:55:15 IST" name="Test" finished-at="2025-06-30T17:55:24 IST" duration-ms="9211">
      <class name="testCases.TC001_VerifyAccountRegistrationTest">
        <test-method is-config="true" signature="setup(java.lang.String)[pri:0, instance:testCases.TC001_VerifyAccountRegistrationTest@62e20a76]" started-at="2025-06-30T17:55:15 IST" name="setup" finished-at="2025-06-30T17:55:21 IST" duration-ms="5636" status="PASS">
          <params>
            <param index="0">
              <value>
                <![CDATA[chrome]]>
              </value>
            </param>
          </params>
          <reporter-output>
          </reporter-output>
        </test-method> <!-- setup -->
        <test-method signature="verify_account_Registration()[pri:0, instance:testCases.TC001_VerifyAccountRegistrationTest@62e20a76]" started-at="2025-06-30T17:55:21 IST" name="verify_account_Registration" finished-at="2025-06-30T17:55:23 IST" duration-ms="2881" status="PASS">
          <reporter-output>
          </reporter-output>
        </test-method> <!-- verify_account_Registration -->
        <test-method is-config="true" signature="tearDown()[pri:0, instance:testCases.TC001_VerifyAccountRegistrationTest@62e20a76]" started-at="2025-06-30T17:55:24 IST" name="tearDown" finished-at="2025-06-30T17:55:24 IST" duration-ms="273" status="PASS">
          <reporter-output>
          </reporter-output>
        </test-method> <!-- tearDown -->
      </class> <!-- testCases.TC001_VerifyAccountRegistrationTest -->
    </test> <!-- Test -->
  </suite> <!-- Suite -->
</testng-results>
